# JRE version: OpenJDK Runtime Environment (8.0_202-b03) (build 1.8.0_202-release-1483-b03)
# Java VM: OpenJDK 64-Bit Server VM (25.202-b03 mixed mode windows-amd64 compressed oops)
Heap:
 PSYoungGen      total 144384K, used 35673K [0x00000000e0000000, 0x00000000eb100000, 0x0000000100000000)
  eden space 126976K, 17% used [0x00000000e0000000,0x00000000e15e5670,0x00000000e7c00000)
  from space 17408K, 76% used [0x00000000e7c00000,0x00000000e88f1098,0x00000000e8d00000)
  to   space 17920K, 0% used [0x00000000e9f80000,0x00000000e9f80000,0x00000000eb100000)
 ParOldGen       total 124928K, used 29155K [0x00000000a0000000, 0x00000000a7a00000, 0x00000000e0000000)
  object space 124928K, 23% used [0x00000000a0000000,0x00000000a1c78c90,0x00000000a7a00000)
 Metaspace       used 66300K, capacity 68256K, committed 68312K, reserved 1107968K
  class space    used 8689K, capacity 9173K, committed 9216K, reserved 1048576K
GC Heap History (10 events):
Event: 47.125 GC heap before
{Heap before GC invocations=16 (full 2):
 PSYoungGen      total 90624K, used 90601K [0x00000000e0000000, 0x00000000e7d00000, 0x0000000100000000)
  eden space 78848K, 100% used [0x00000000e0000000,0x00000000e4d00000,0x00000000e4d00000)
  from space 11776K, 99% used [0x00000000e4d00000,0x00000000e587a568,0x00000000e5880000)
  to   space 13312K, 0% used [0x00000000e7000000,0x00000000e7000000,0x00000000e7d00000)
 ParOldGen       total 89600K, used 16153K [0x00000000a0000000, 0x00000000a5780000, 0x00000000e0000000)
  object space 89600K, 18% used [0x00000000a0000000,0x00000000a0fc64f0,0x00000000a5780000)
 Metaspace       used 54815K, capacity 56166K, committed 56408K, reserved 1097728K
  class space    used 7403K, capacity 7772K, committed 7808K, reserved 1048576K
Event: 47.302 GC heap after
Heap after GC invocations=16 (full 2):
 PSYoungGen      total 111616K, used 13300K [0x00000000e0000000, 0x00000000e8900000, 0x0000000100000000)
  eden space 98304K, 0% used [0x00000000e0000000,0x00000000e0000000,0x00000000e6000000)
  from space 13312K, 99% used [0x00000000e7000000,0x00000000e7cfd280,0x00000000e7d00000)
  to   space 16384K, 0% used [0x00000000e6000000,0x00000000e6000000,0x00000000e7000000)
 ParOldGen       total 89600K, used 20310K [0x00000000a0000000, 0x00000000a5780000, 0x00000000e0000000)
  object space 89600K, 22% used [0x00000000a0000000,0x00000000a13d59c0,0x00000000a5780000)
 Metaspace       used 54815K, capacity 56166K, committed 56408K, reserved 1097728K
  class space    used 7403K, capacity 7772K, committed 7808K, reserved 1048576K
}
Event: 49.015 GC heap before
{Heap before GC invocations=17 (full 2):
 PSYoungGen      total 111616K, used 49533K [0x00000000e0000000, 0x00000000e8900000, 0x0000000100000000)
  eden space 98304K, 36% used [0x00000000e0000000,0x00000000e2362578,0x00000000e6000000)
  from space 13312K, 99% used [0x00000000e7000000,0x00000000e7cfd280,0x00000000e7d00000)
  to   space 16384K, 0% used [0x00000000e6000000,0x00000000e6000000,0x00000000e7000000)
 ParOldGen       total 89600K, used 20310K [0x00000000a0000000, 0x00000000a5780000, 0x00000000e0000000)
  object space 89600K, 22% used [0x00000000a0000000,0x00000000a13d59c0,0x00000000a5780000)
 Metaspace       used 57125K, capacity 58820K, committed 58968K, reserved 1099776K
  class space    used 7793K, capacity 8205K, committed 8320K, reserved 1048576K
Event: 49.033 GC heap after
Heap after GC invocations=17 (full 2):
 PSYoungGen      total 114688K, used 15004K [0x00000000e0000000, 0x00000000ea580000, 0x0000000100000000)
  eden space 98304K, 0% used [0x00000000e0000000,0x00000000e0000000,0x00000000e6000000)
  from space 16384K, 91% used [0x00000000e6000000,0x00000000e6ea7040,0x00000000e7000000)
  to   space 17920K, 0% used [0x00000000e9400000,0x00000000e9400000,0x00000000ea580000)
 ParOldGen       total 89600K, used 20382K [0x00000000a0000000, 0x00000000a5780000, 0x00000000e0000000)
  object space 89600K, 22% used [0x00000000a0000000,0x00000000a13e79d0,0x00000000a5780000)
 Metaspace       used 57125K, capacity 58820K, committed 58968K, reserved 1099776K
  class space    used 7793K, capacity 8205K, committed 8320K, reserved 1048576K
}
Event: 49.033 GC heap before
{Heap before GC invocations=18 (full 3):
 PSYoungGen      total 114688K, used 15004K [0x00000000e0000000, 0x00000000ea580000, 0x0000000100000000)
  eden space 98304K, 0% used [0x00000000e0000000,0x00000000e0000000,0x00000000e6000000)
  from space 16384K, 91% used [0x00000000e6000000,0x00000000e6ea7040,0x00000000e7000000)
  to   space 17920K, 0% used [0x00000000e9400000,0x00000000e9400000,0x00000000ea580000)
 ParOldGen       total 89600K, used 20382K [0x00000000a0000000, 0x00000000a5780000, 0x00000000e0000000)
  object space 89600K, 22% used [0x00000000a0000000,0x00000000a13e79d0,0x00000000a5780000)
 Metaspace       used 57125K, capacity 58820K, committed 58968K, reserved 1099776K
  class space    used 7793K, capacity 8205K, committed 8320K, reserved 1048576K
Event: 49.348 GC heap after
Heap after GC invocations=18 (full 3):
 PSYoungGen      total 114688K, used 0K [0x00000000e0000000, 0x00000000ea580000, 0x0000000100000000)
  eden space 98304K, 0% used [0x00000000e0000000,0x00000000e0000000,0x00000000e6000000)
  from space 16384K, 0% used [0x00000000e6000000,0x00000000e6000000,0x00000000e7000000)
  to   space 17920K, 0% used [0x00000000e9400000,0x00000000e9400000,0x00000000ea580000)
 ParOldGen       total 124928K, used 29139K [0x00000000a0000000, 0x00000000a7a00000, 0x00000000e0000000)
  object space 124928K, 23% used [0x00000000a0000000,0x00000000a1c74c90,0x00000000a7a00000)
 Metaspace       used 57053K, capacity 58606K, committed 58968K, reserved 1099776K
  class space    used 7771K, capacity 8166K, committed 8320K, reserved 1048576K
}
Event: 196.389 GC heap before
{Heap before GC invocations=19 (full 3):
 PSYoungGen      total 114688K, used 98304K [0x00000000e0000000, 0x00000000ea580000, 0x0000000100000000)
  eden space 98304K, 100% used [0x00000000e0000000,0x00000000e6000000,0x00000000e6000000)
  from space 16384K, 0% used [0x00000000e6000000,0x00000000e6000000,0x00000000e7000000)
  to   space 17920K, 0% used [0x00000000e9400000,0x00000000e9400000,0x00000000ea580000)
 ParOldGen       total 124928K, used 29139K [0x00000000a0000000, 0x00000000a7a00000, 0x00000000e0000000)
  object space 124928K, 23% used [0x00000000a0000000,0x00000000a1c74c90,0x00000000a7a00000)
 Metaspace       used 62795K, capacity 64558K, committed 64728K, reserved 1105920K
  class space    used 8274K, capacity 8682K, committed 8704K, reserved 1048576K
Event: 196.405 GC heap after
Heap after GC invocations=19 (full 3):
 PSYoungGen      total 135680K, used 10082K [0x00000000e0000000, 0x00000000e9e00000, 0x0000000100000000)
  eden space 125440K, 0% used [0x00000000e0000000,0x00000000e0000000,0x00000000e7a80000)
  from space 10240K, 98% used [0x00000000e9400000,0x00000000e9dd8bf0,0x00000000e9e00000)
  to   space 17408K, 0% used [0x00000000e7c00000,0x00000000e7c00000,0x00000000e8d00000)
 ParOldGen       total 124928K, used 29147K [0x00000000a0000000, 0x00000000a7a00000, 0x00000000e0000000)
  object space 124928K, 23% used [0x00000000a0000000,0x00000000a1c76c90,0x00000000a7a00000)
 Metaspace       used 62795K, capacity 64558K, committed 64728K, reserved 1105920K
  class space    used 8274K, capacity 8682K, committed 8704K, reserved 1048576K
}
Event: 218.008 GC heap before
{Heap before GC invocations=20 (full 3):
 PSYoungGen      total 135680K, used 135522K [0x00000000e0000000, 0x00000000e9e00000, 0x0000000100000000)
  eden space 125440K, 100% used [0x00000000e0000000,0x00000000e7a80000,0x00000000e7a80000)
  from space 10240K, 98% used [0x00000000e9400000,0x00000000e9dd8bf0,0x00000000e9e00000)
  to   space 17408K, 0% used [0x00000000e7c00000,0x00000000e7c00000,0x00000000e8d00000)
 ParOldGen       total 124928K, used 29147K [0x00000000a0000000, 0x00000000a7a00000, 0x00000000e0000000)
  object space 124928K, 23% used [0x00000000a0000000,0x00000000a1c76c90,0x00000000a7a00000)
 Metaspace       used 65766K, capacity 67768K, committed 68056K, reserved 1107968K
  class space    used 8636K, capacity 9117K, committed 9216K, reserved 1048576K
Event: 218.029 GC heap after
Heap after GC invocations=20 (full 3):
 PSYoungGen      total 144384K, used 13252K [0x00000000e0000000, 0x00000000eb100000, 0x0000000100000000)
  eden space 126976K, 0% used [0x00000000e0000000,0x00000000e0000000,0x00000000e7c00000)
  from space 17408K, 76% used [0x00000000e7c00000,0x00000000e88f1098,0x00000000e8d00000)
  to   space 17920K, 0% used [0x00000000e9f80000,0x00000000e9f80000,0x00000000eb100000)
 ParOldGen       total 124928K, used 29155K [0x00000000a0000000, 0x00000000a7a00000, 0x00000000e0000000)
  object space 124928K, 23% used [0x00000000a0000000,0x00000000a1c78c90,0x00000000a7a00000)
 Metaspace       used 65766K, capacity 67768K, committed 68056K, reserved 1107968K
  class space    used 8636K, capacity 9117K, committed 9216K, reserved 1048576K
}

