# JRE version: OpenJDK Runtime Environment (8.0_202-b03) (build 1.8.0_202-release-1483-b03)
# Java VM: OpenJDK 64-Bit Server VM (25.202-b03 mixed mode windows-amd64 compressed oops)
Heap:
 PSYoungGen      total 249856K, used 132656K [0x00000000e0000000, 0x00000000f4180000, 0x0000000100000000)
  eden space 228864K, 51% used [0x00000000e0000000,0x00000000e730b0a8,0x00000000edf80000)
  from space 20992K, 70% used [0x00000000edf80000,0x00000000eee010e0,0x00000000ef400000)
  to   space 21504K, 0% used [0x00000000f2c80000,0x00000000f2c80000,0x00000000f4180000)
 ParOldGen       total 119296K, used 32813K [0x00000000a0000000, 0x00000000a7480000, 0x00000000e0000000)
  object space 119296K, 27% used [0x00000000a0000000,0x00000000a200b5e8,0x00000000a7480000)
 Metaspace       used 64964K, capacity 67040K, committed 67160K, reserved 1107968K
  class space    used 8527K, capacity 9001K, committed 9088K, reserved 1048576K
GC Heap History (10 events):
Event: 11.513 GC heap before
{Heap before GC invocations=10 (full 2):
 PSYoungGen      total 185344K, used 8201K [0x00000000e0000000, 0x00000000ef600000, 0x0000000100000000)
  eden space 171520K, 0% used [0x00000000e0000000,0x00000000e0000000,0x00000000ea780000)
  from space 13824K, 59% used [0x00000000eb480000,0x00000000ebc82458,0x00000000ec200000)
  to   space 13312K, 0% used [0x00000000ea780000,0x00000000ea780000,0x00000000eb480000)
 ParOldGen       total 60928K, used 11719K [0x00000000a0000000, 0x00000000a3b80000, 0x00000000e0000000)
  object space 60928K, 19% used [0x00000000a0000000,0x00000000a0b71f40,0x00000000a3b80000)
 Metaspace       used 34655K, capacity 35240K, committed 35416K, reserved 1079296K
  class space    used 4751K, capacity 4933K, committed 4992K, reserved 1048576K
Event: 11.617 GC heap after
Heap after GC invocations=10 (full 2):
 PSYoungGen      total 185344K, used 0K [0x00000000e0000000, 0x00000000ef600000, 0x0000000100000000)
  eden space 171520K, 0% used [0x00000000e0000000,0x00000000e0000000,0x00000000ea780000)
  from space 13824K, 0% used [0x00000000eb480000,0x00000000eb480000,0x00000000ec200000)
  to   space 13312K, 0% used [0x00000000ea780000,0x00000000ea780000,0x00000000eb480000)
 ParOldGen       total 80384K, used 14879K [0x00000000a0000000, 0x00000000a4e80000, 0x00000000e0000000)
  object space 80384K, 18% used [0x00000000a0000000,0x00000000a0e87fb8,0x00000000a4e80000)
 Metaspace       used 34655K, capacity 35240K, committed 35416K, reserved 1079296K
  class space    used 4751K, capacity 4933K, committed 4992K, reserved 1048576K
}
Event: 17.171 GC heap before
{Heap before GC invocations=11 (full 2):
 PSYoungGen      total 185344K, used 171520K [0x00000000e0000000, 0x00000000ef600000, 0x0000000100000000)
  eden space 171520K, 100% used [0x00000000e0000000,0x00000000ea780000,0x00000000ea780000)
  from space 13824K, 0% used [0x00000000eb480000,0x00000000eb480000,0x00000000ec200000)
  to   space 13312K, 0% used [0x00000000ea780000,0x00000000ea780000,0x00000000eb480000)
 ParOldGen       total 80384K, used 14879K [0x00000000a0000000, 0x00000000a4e80000, 0x00000000e0000000)
  object space 80384K, 18% used [0x00000000a0000000,0x00000000a0e87fb8,0x00000000a4e80000)
 Metaspace       used 50294K, capacity 51432K, committed 51672K, reserved 1093632K
  class space    used 6790K, capacity 7079K, committed 7168K, reserved 1048576K
Event: 17.193 GC heap after
Heap after GC invocations=11 (full 2):
 PSYoungGen      total 184832K, used 13304K [0x00000000e0000000, 0x00000000f0680000, 0x0000000100000000)
  eden space 171520K, 0% used [0x00000000e0000000,0x00000000e0000000,0x00000000ea780000)
  from space 13312K, 99% used [0x00000000ea780000,0x00000000eb47e238,0x00000000eb480000)
  to   space 17920K, 0% used [0x00000000ef500000,0x00000000ef500000,0x00000000f0680000)
 ParOldGen       total 80384K, used 22893K [0x00000000a0000000, 0x00000000a4e80000, 0x00000000e0000000)
  object space 80384K, 28% used [0x00000000a0000000,0x00000000a165b668,0x00000000a4e80000)
 Metaspace       used 50294K, capacity 51432K, committed 51672K, reserved 1093632K
  class space    used 6790K, capacity 7079K, committed 7168K, reserved 1048576K
}
Event: 20.058 GC heap before
{Heap before GC invocations=12 (full 2):
 PSYoungGen      total 184832K, used 110042K [0x00000000e0000000, 0x00000000f0680000, 0x0000000100000000)
  eden space 171520K, 56% used [0x00000000e0000000,0x00000000e5e78840,0x00000000ea780000)
  from space 13312K, 99% used [0x00000000ea780000,0x00000000eb47e238,0x00000000eb480000)
  to   space 17920K, 0% used [0x00000000ef500000,0x00000000ef500000,0x00000000f0680000)
 ParOldGen       total 80384K, used 22893K [0x00000000a0000000, 0x00000000a4e80000, 0x00000000e0000000)
  object space 80384K, 28% used [0x00000000a0000000,0x00000000a165b668,0x00000000a4e80000)
 Metaspace       used 57219K, capacity 58870K, committed 59028K, reserved 1099776K
  class space    used 7788K, capacity 8210K, committed 8320K, reserved 1048576K
Event: 20.081 GC heap after
Heap after GC invocations=12 (full 2):
 PSYoungGen      total 246784K, used 17900K [0x00000000e0000000, 0x00000000f0880000, 0x0000000100000000)
  eden space 228864K, 0% used [0x00000000e0000000,0x00000000e0000000,0x00000000edf80000)
  from space 17920K, 99% used [0x00000000ef500000,0x00000000f067b280,0x00000000f0680000)
  to   space 20992K, 0% used [0x00000000edf80000,0x00000000edf80000,0x00000000ef400000)
 ParOldGen       total 80384K, used 23985K [0x00000000a0000000, 0x00000000a4e80000, 0x00000000e0000000)
  object space 80384K, 29% used [0x00000000a0000000,0x00000000a176c650,0x00000000a4e80000)
 Metaspace       used 57219K, capacity 58870K, committed 59028K, reserved 1099776K
  class space    used 7788K, capacity 8210K, committed 8320K, reserved 1048576K
}
Event: 20.081 GC heap before
{Heap before GC invocations=13 (full 3):
 PSYoungGen      total 246784K, used 17900K [0x00000000e0000000, 0x00000000f0880000, 0x0000000100000000)
  eden space 228864K, 0% used [0x00000000e0000000,0x00000000e0000000,0x00000000edf80000)
  from space 17920K, 99% used [0x00000000ef500000,0x00000000f067b280,0x00000000f0680000)
  to   space 20992K, 0% used [0x00000000edf80000,0x00000000edf80000,0x00000000ef400000)
 ParOldGen       total 80384K, used 23985K [0x00000000a0000000, 0x00000000a4e80000, 0x00000000e0000000)
  object space 80384K, 29% used [0x00000000a0000000,0x00000000a176c650,0x00000000a4e80000)
 Metaspace       used 57219K, capacity 58870K, committed 59028K, reserved 1099776K
  class space    used 7788K, capacity 8210K, committed 8320K, reserved 1048576K
Event: 20.295 GC heap after
Heap after GC invocations=13 (full 3):
 PSYoungGen      total 246784K, used 0K [0x00000000e0000000, 0x00000000f0880000, 0x0000000100000000)
  eden space 228864K, 0% used [0x00000000e0000000,0x00000000e0000000,0x00000000edf80000)
  from space 17920K, 0% used [0x00000000ef500000,0x00000000ef500000,0x00000000f0680000)
  to   space 20992K, 0% used [0x00000000edf80000,0x00000000edf80000,0x00000000ef400000)
 ParOldGen       total 119296K, used 32805K [0x00000000a0000000, 0x00000000a7480000, 0x00000000e0000000)
  object space 119296K, 27% used [0x00000000a0000000,0x00000000a20095e8,0x00000000a7480000)
 Metaspace       used 57134K, capacity 58624K, committed 59028K, reserved 1099776K
  class space    used 7762K, capacity 8163K, committed 8320K, reserved 1048576K
}
Event: 52.179 GC heap before
{Heap before GC invocations=14 (full 3):
 PSYoungGen      total 246784K, used 228864K [0x00000000e0000000, 0x00000000f0880000, 0x0000000100000000)
  eden space 228864K, 100% used [0x00000000e0000000,0x00000000edf80000,0x00000000edf80000)
  from space 17920K, 0% used [0x00000000ef500000,0x00000000ef500000,0x00000000f0680000)
  to   space 20992K, 0% used [0x00000000edf80000,0x00000000edf80000,0x00000000ef400000)
 ParOldGen       total 119296K, used 32805K [0x00000000a0000000, 0x00000000a7480000, 0x00000000e0000000)
  object space 119296K, 27% used [0x00000000a0000000,0x00000000a20095e8,0x00000000a7480000)
 Metaspace       used 64959K, capacity 67040K, committed 67160K, reserved 1107968K
  class space    used 8527K, capacity 9001K, committed 9088K, reserved 1048576K
Event: 52.208 GC heap after
Heap after GC invocations=14 (full 3):
 PSYoungGen      total 249856K, used 14852K [0x00000000e0000000, 0x00000000f4180000, 0x0000000100000000)
  eden space 228864K, 0% used [0x00000000e0000000,0x00000000e0000000,0x00000000edf80000)
  from space 20992K, 70% used [0x00000000edf80000,0x00000000eee010e0,0x00000000ef400000)
  to   space 21504K, 0% used [0x00000000f2c80000,0x00000000f2c80000,0x00000000f4180000)
 ParOldGen       total 119296K, used 32813K [0x00000000a0000000, 0x00000000a7480000, 0x00000000e0000000)
  object space 119296K, 27% used [0x00000000a0000000,0x00000000a200b5e8,0x00000000a7480000)
 Metaspace       used 64959K, capacity 67040K, committed 67160K, reserved 1107968K
  class space    used 8527K, capacity 9001K, committed 9088K, reserved 1048576K
}

